
> frontend@0.1.0 dev
> next dev

   тЦ▓ Next.js 15.3.4
   - Local:        http://localhost:3000
   - Network:      http://192.168.1.100:3000
   - Environments: .env.local

 тЬУ Starting...
 тЬУ Ready in 1500ms
 тЧЛ Compiling / ...
 тЬУ Compiled / in 941ms (1027 modules)
 GET / 200 in 1168ms
 GET / 200 in 108ms
 тЧЛ Compiling /analysis/[taskId] ...
 тЬУ Compiled /analysis/[taskId] in 546ms (1367 modules)
 GET /analysis/454ceb85-2212-412e-b76d-77ac9192c223 200 in 1003ms
 тЬУ Compiled in 907ms (1381 modules)
 GET /analysis/454ceb85-2212-412e-b76d-77ac9192c223 200 in 62ms
 тЬУ Compiled in 305ms (1381 modules)
 GET /analysis/454ceb85-2212-412e-b76d-77ac9192c223 200 in 43ms
 тЬУ Compiled in 279ms (1381 modules)
 GET /analysis/454ceb85-2212-412e-b76d-77ac9192c223 200 in 26ms
 тЬУ Compiled in 278ms (1381 modules)
 GET /analysis/454ceb85-2212-412e-b76d-77ac9192c223 200 in 25ms
 GET / 200 in 28ms
 GET /analysis/64be966a-afd2-46fd-9600-eca8f97117b6 200 in 11ms
 GET / 200 in 27ms
 GET /analysis/1f465097-0001-4d5d-96a8-81d09cd1ab90 200 in 11ms
 GET / 200 in 47ms
 GET /analysis/043621e9-2d10-4194-9a4e-b4c4fb92d551 200 in 18ms
 тЬУ Compiled in 214ms (599 modules)
 GET /analysis/043621e9-2d10-4194-9a4e-b4c4fb92d551 200 in 32ms
 тЬУ Compiled in 236ms (1048 modules)
 GET /analysis/043621e9-2d10-4194-9a4e-b4c4fb92d551 200 in 37ms
 тЬУ Compiled in 392ms (1389 modules)
 тЪа Fast Refresh had to perform a full reload due to a runtime error.
 GET /analysis/043621e9-2d10-4194-9a4e-b4c4fb92d551 200 in 250ms
 тЬУ Compiled /favicon.ico in 136ms (802 modules)
 GET /favicon.ico 200 in 215ms
 тЬУ Compiled in 429ms (1405 modules)
 GET /analysis/043621e9-2d10-4194-9a4e-b4c4fb92d551 200 in 57ms
 тЬУ Compiled in 271ms (1405 modules)
 GET /analysis/043621e9-2d10-4194-9a4e-b4c4fb92d551 200 in 40ms
 тЬУ Compiled in 257ms (1405 modules)
 GET /analysis/043621e9-2d10-4194-9a4e-b4c4fb92d551 200 in 41ms
 тЬУ Compiled in 577ms (1389 modules)
 тип Error: Cannot find module './447.js'
Require stack:
- /Users/po-chi/Desktop/amazon-product-analyzer/frontend/.next/server/webpack-runtime.js
- /Users/po-chi/Desktop/amazon-product-analyzer/frontend/.next/server/app/analysis/[taskId]/page.js
- /Users/po-chi/Desktop/amazon-product-analyzer/frontend/node_modules/next/dist/server/require.js
- /Users/po-chi/Desktop/amazon-product-analyzer/frontend/node_modules/next/dist/server/load-components.js
- /Users/po-chi/Desktop/amazon-product-analyzer/frontend/node_modules/next/dist/build/utils.js
- /Users/po-chi/Desktop/amazon-product-analyzer/frontend/node_modules/next/dist/build/swc/options.js
- /Users/po-chi/Desktop/amazon-product-analyzer/frontend/node_modules/next/dist/build/swc/index.js
- /Users/po-chi/Desktop/amazon-product-analyzer/frontend/node_modules/next/dist/build/next-config-ts/transpile-config.js
- /Users/po-chi/Desktop/amazon-product-analyzer/frontend/node_modules/next/dist/server/config.js
- /Users/po-chi/Desktop/amazon-product-analyzer/frontend/node_modules/next/dist/server/next.js
- /Users/po-chi/Desktop/amazon-product-analyzer/frontend/node_modules/next/dist/server/lib/start-server.js
    at __webpack_require__.f.require (.next/server/webpack-runtime.js:198:28)
    at <unknown> (.next/server/webpack-runtime.js:111:40)
    at Array.reduce (<anonymous>)
    at __webpack_require__.e (.next/server/webpack-runtime.js:110:67)
    at Array.map (<anonymous>)
    at __webpack_require__.X (.next/server/webpack-runtime.js:162:22)
    at <unknown> (.next/server/app/analysis/[taskId]/page.js:1:159937)
    at Object.<anonymous> (.next/server/app/analysis/[taskId]/page.js:1:159983) {
  code: 'MODULE_NOT_FOUND',
  requireStack: [Array],
  page: '/analysis/043621e9-2d10-4194-9a4e-b4c4fb92d551'
}
 тЬУ Compiled /_error in 425ms (1709 modules)
 GET /analysis/043621e9-2d10-4194-9a4e-b4c4fb92d551 500 in 836ms
 GET /analysis/043621e9-2d10-4194-9a4e-b4c4fb92d551 200 in 46ms
 GET /analysis/043621e9-2d10-4194-9a4e-b4c4fb92d551 200 in 6ms
 GET /analysis/043621e9-2d10-4194-9a4e-b4c4fb92d551 200 in 133ms
 тип Failed to generate static paths for /analysis/[taskId]:
Error: Cannot find module './vendor-chunks/mime-db.js'
Require stack:
- /Users/po-chi/Desktop/amazon-product-analyzer/frontend/.next/server/webpack-runtime.js
- /Users/po-chi/Desktop/amazon-product-analyzer/frontend/.next/server/app/analysis/[taskId]/page.js
- /Users/po-chi/Desktop/amazon-product-analyzer/frontend/node_modules/next/dist/server/require.js
- /Users/po-chi/Desktop/amazon-product-analyzer/frontend/node_modules/next/dist/server/load-components.js
- /Users/po-chi/Desktop/amazon-product-analyzer/frontend/node_modules/next/dist/build/utils.js
- /Users/po-chi/Desktop/amazon-product-analyzer/frontend/node_modules/next/dist/server/dev/static-paths-worker.js
- /Users/po-chi/Desktop/amazon-product-analyzer/frontend/node_modules/next/dist/compiled/jest-worker/processChild.js
    at __webpack_require__.f.require (.next/server/webpack-runtime.js:198:28)
    at <unknown> (.next/server/webpack-runtime.js:111:40)
    at Array.reduce (<anonymous>)
    at __webpack_require__.e (.next/server/webpack-runtime.js:110:67) {
  type: 'Error',
  code: 'MODULE_NOT_FOUND',
  requireStack: [Array]
}
 тип Failed to generate static paths for /analysis/[taskId]:
Error: Cannot find module './vendor-chunks/mime-db.js'
Require stack:
- /Users/po-chi/Desktop/amazon-product-analyzer/frontend/.next/server/webpack-runtime.js
- /Users/po-chi/Desktop/amazon-product-analyzer/frontend/.next/server/app/analysis/[taskId]/page.js
- /Users/po-chi/Desktop/amazon-product-analyzer/frontend/node_modules/next/dist/server/require.js
- /Users/po-chi/Desktop/amazon-product-analyzer/frontend/node_modules/next/dist/server/load-components.js
- /Users/po-chi/Desktop/amazon-product-analyzer/frontend/node_modules/next/dist/build/utils.js
- /Users/po-chi/Desktop/amazon-product-analyzer/frontend/node_modules/next/dist/server/dev/static-paths-worker.js
- /Users/po-chi/Desktop/amazon-product-analyzer/frontend/node_modules/next/dist/compiled/jest-worker/processChild.js
    at __webpack_require__.f.require (.next/server/webpack-runtime.js:198:28)
    at <unknown> (.next/server/webpack-runtime.js:111:40)
    at Array.reduce (<anonymous>)
    at __webpack_require__.e (.next/server/webpack-runtime.js:110:67) {
  type: 'Error',
  code: 'MODULE_NOT_FOUND',
  requireStack: [Array]
}
 тип Failed to generate static paths for /analysis/[taskId]:
Error: Cannot find module './vendor-chunks/mime-db.js'
Require stack:
- /Users/po-chi/Desktop/amazon-product-analyzer/frontend/.next/server/webpack-runtime.js
- /Users/po-chi/Desktop/amazon-product-analyzer/frontend/.next/server/app/analysis/[taskId]/page.js
- /Users/po-chi/Desktop/amazon-product-analyzer/frontend/node_modules/next/dist/server/require.js
- /Users/po-chi/Desktop/amazon-product-analyzer/frontend/node_modules/next/dist/server/load-components.js
- /Users/po-chi/Desktop/amazon-product-analyzer/frontend/node_modules/next/dist/build/utils.js
- /Users/po-chi/Desktop/amazon-product-analyzer/frontend/node_modules/next/dist/server/dev/static-paths-worker.js
- /Users/po-chi/Desktop/amazon-product-analyzer/frontend/node_modules/next/dist/compiled/jest-worker/processChild.js
    at __webpack_require__.f.require (.next/server/webpack-runtime.js:198:28)
    at <unknown> (.next/server/webpack-runtime.js:111:40)
    at Array.reduce (<anonymous>)
    at __webpack_require__.e (.next/server/webpack-runtime.js:110:67) {
  type: 'Error',
  code: 'MODULE_NOT_FOUND',
  requireStack: [Array]
}
 тЬУ Compiled /_not-found in 183ms (1713 modules)
 GET /_next/static/css/app/layout.css?v=1750435939208 404 in 273ms
 GET /_next/static/chunks/app-pages-internals.js 404 in 173ms
 GET /_next/static/chunks/main-app.js?v=1750435939208 404 in 179ms
 GET /_next/static/chunks/app/analysis/%5BtaskId%5D/page.js 404 in 18ms
 тЬУ Compiled in 325ms (1727 modules)
 тЬУ Compiled in 303ms (1727 modules)
 тЬУ Compiled /favicon.ico in 429ms (1729 modules)
 тип [Error: ENOENT: no such file or directory, open '/Users/po-chi/Desktop/amazon-product-analyzer/frontend/.next/server/pages/_document.js'] {
  errno: -2,
  code: 'ENOENT',
  syscall: 'open',
  path: '/Users/po-chi/Desktop/amazon-product-analyzer/frontend/.next/server/pages/_document.js'
}
 GET /favicon.ico 200 in 523ms
 GET /analysis/043621e9-2d10-4194-9a4e-b4c4fb92d551 500 in 1685ms
 тип [Error: ENOENT: no such file or directory, open '/Users/po-chi/Desktop/amazon-product-analyzer/frontend/.next/server/app/analysis/[taskId]/page.js'] {
  errno: -2,
  code: 'ENOENT',
  syscall: 'open',
  path: '/Users/po-chi/Desktop/amazon-product-analyzer/frontend/.next/server/app/analysis/[taskId]/page.js',
  page: '/analysis/043621e9-2d10-4194-9a4e-b4c4fb92d551'
}
 тип [Error: ENOENT: no such file or directory, open '/Users/po-chi/Desktop/amazon-product-analyzer/frontend/.next/server/pages/_document.js'] {
  errno: -2,
  code: 'ENOENT',
  syscall: 'open',
  path: '/Users/po-chi/Desktop/amazon-product-analyzer/frontend/.next/server/pages/_document.js'
}
 GET /analysis/043621e9-2d10-4194-9a4e-b4c4fb92d551 500 in 66ms
 тип [Error: ENOENT: no such file or directory, open '/Users/po-chi/Desktop/amazon-product-analyzer/frontend/.next/server/app/analysis/[taskId]/page.js'] {
  errno: -2,
  code: 'ENOENT',
  syscall: 'open',
  path: '/Users/po-chi/Desktop/amazon-product-analyzer/frontend/.next/server/app/analysis/[taskId]/page.js',
  page: '/analysis/043621e9-2d10-4194-9a4e-b4c4fb92d551'
}
 тип [Error: ENOENT: no such file or directory, open '/Users/po-chi/Desktop/amazon-product-analyzer/frontend/.next/server/pages/_document.js'] {
  errno: -2,
  code: 'ENOENT',
  syscall: 'open',
  path: '/Users/po-chi/Desktop/amazon-product-analyzer/frontend/.next/server/pages/_document.js'
}
 GET /analysis/043621e9-2d10-4194-9a4e-b4c4fb92d551 500 in 45ms
 тип [Error: ENOENT: no such file or directory, open '/Users/po-chi/Desktop/amazon-product-analyzer/frontend/.next/server/app/analysis/[taskId]/page.js'] {
  errno: -2,
  code: 'ENOENT',
  syscall: 'open',
  path: '/Users/po-chi/Desktop/amazon-product-analyzer/frontend/.next/server/app/analysis/[taskId]/page.js',
  page: '/analysis/043621e9-2d10-4194-9a4e-b4c4fb92d551'
}
 тип [Error: ENOENT: no such file or directory, open '/Users/po-chi/Desktop/amazon-product-analyzer/frontend/.next/server/pages/_document.js'] {
  errno: -2,
  code: 'ENOENT',
  syscall: 'open',
  path: '/Users/po-chi/Desktop/amazon-product-analyzer/frontend/.next/server/pages/_document.js'
}
 GET /analysis/043621e9-2d10-4194-9a4e-b4c4fb92d551 500 in 33ms
 тип [Error: ENOENT: no such file or directory, open '/Users/po-chi/Desktop/amazon-product-analyzer/frontend/.next/server/app/analysis/[taskId]/page.js'] {
  errno: -2,
  code: 'ENOENT',
  syscall: 'open',
  path: '/Users/po-chi/Desktop/amazon-product-analyzer/frontend/.next/server/app/analysis/[taskId]/page.js',
  page: '/analysis/043621e9-2d10-4194-9a4e-b4c4fb92d551'
}
 тип [Error: ENOENT: no such file or directory, open '/Users/po-chi/Desktop/amazon-product-analyzer/frontend/.next/server/pages/_document.js'] {
  errno: -2,
  code: 'ENOENT',
  syscall: 'open',
  path: '/Users/po-chi/Desktop/amazon-product-analyzer/frontend/.next/server/pages/_document.js'
}
 GET /analysis/043621e9-2d10-4194-9a4e-b4c4fb92d551 500 in 33ms
 тип [Error: ENOENT: no such file or directory, open '/Users/po-chi/Desktop/amazon-product-analyzer/frontend/.next/server/app/analysis/[taskId]/page.js'] {
  errno: -2,
  code: 'ENOENT',
  syscall: 'open',
  path: '/Users/po-chi/Desktop/amazon-product-analyzer/frontend/.next/server/app/analysis/[taskId]/page.js',
  page: '/analysis/043621e9-2d10-4194-9a4e-b4c4fb92d551'
}
 тип [Error: ENOENT: no such file or directory, open '/Users/po-chi/Desktop/amazon-product-analyzer/frontend/.next/server/pages/_document.js'] {
  errno: -2,
  code: 'ENOENT',
  syscall: 'open',
  path: '/Users/po-chi/Desktop/amazon-product-analyzer/frontend/.next/server/pages/_document.js'
}
 GET /analysis/043621e9-2d10-4194-9a4e-b4c4fb92d551 500 in 32ms
 тип [Error: ENOENT: no such file or directory, open '/Users/po-chi/Desktop/amazon-product-analyzer/frontend/.next/server/app/analysis/[taskId]/page.js'] {
  errno: -2,
  code: 'ENOENT',
  syscall: 'open',
  path: '/Users/po-chi/Desktop/amazon-product-analyzer/frontend/.next/server/app/analysis/[taskId]/page.js',
  page: '/analysis/043621e9-2d10-4194-9a4e-b4c4fb92d551'
}
 тип [Error: ENOENT: no such file or directory, open '/Users/po-chi/Desktop/amazon-product-analyzer/frontend/.next/server/pages/_document.js'] {
  errno: -2,
  code: 'ENOENT',
  syscall: 'open',
  path: '/Users/po-chi/Desktop/amazon-product-analyzer/frontend/.next/server/pages/_document.js'
}
 GET /analysis/043621e9-2d10-4194-9a4e-b4c4fb92d551 500 in 34ms
 тип [Error: ENOENT: no such file or directory, open '/Users/po-chi/Desktop/amazon-product-analyzer/frontend/.next/server/app/analysis/[taskId]/page.js'] {
  errno: -2,
  code: 'ENOENT',
  syscall: 'open',
  path: '/Users/po-chi/Desktop/amazon-product-analyzer/frontend/.next/server/app/analysis/[taskId]/page.js',
  page: '/analysis/043621e9-2d10-4194-9a4e-b4c4fb92d551'
}
 тип [Error: ENOENT: no such file or directory, open '/Users/po-chi/Desktop/amazon-product-analyzer/frontend/.next/server/pages/_document.js'] {
  errno: -2,
  code: 'ENOENT',
  syscall: 'open',
  path: '/Users/po-chi/Desktop/amazon-product-analyzer/frontend/.next/server/pages/_document.js'
}
 GET /analysis/043621e9-2d10-4194-9a4e-b4c4fb92d551 500 in 68ms
 тип [Error: ENOENT: no such file or directory, open '/Users/po-chi/Desktop/amazon-product-analyzer/frontend/.next/server/app/analysis/[taskId]/page.js'] {
  errno: -2,
  code: 'ENOENT',
  syscall: 'open',
  path: '/Users/po-chi/Desktop/amazon-product-analyzer/frontend/.next/server/app/analysis/[taskId]/page.js',
  page: '/analysis/043621e9-2d10-4194-9a4e-b4c4fb92d551'
}
 тип [Error: ENOENT: no such file or directory, open '/Users/po-chi/Desktop/amazon-product-analyzer/frontend/.next/server/pages/_document.js'] {
  errno: -2,
  code: 'ENOENT',
  syscall: 'open',
  path: '/Users/po-chi/Desktop/amazon-product-analyzer/frontend/.next/server/pages/_document.js'
}
 GET /analysis/043621e9-2d10-4194-9a4e-b4c4fb92d551 500 in 42ms
 тип [Error: ENOENT: no such file or directory, open '/Users/po-chi/Desktop/amazon-product-analyzer/frontend/.next/server/app/analysis/[taskId]/page.js'] {
  errno: -2,
  code: 'ENOENT',
  syscall: 'open',
  path: '/Users/po-chi/Desktop/amazon-product-analyzer/frontend/.next/server/app/analysis/[taskId]/page.js',
  page: '/analysis/043621e9-2d10-4194-9a4e-b4c4fb92d551'
}
 тип [Error: ENOENT: no such file or directory, open '/Users/po-chi/Desktop/amazon-product-analyzer/frontend/.next/server/pages/_document.js'] {
  errno: -2,
  code: 'ENOENT',
  syscall: 'open',
  path: '/Users/po-chi/Desktop/amazon-product-analyzer/frontend/.next/server/pages/_document.js'
}
 GET /analysis/043621e9-2d10-4194-9a4e-b4c4fb92d551 500 in 64ms
 тип [Error: ENOENT: no such file or directory, open '/Users/po-chi/Desktop/amazon-product-analyzer/frontend/.next/server/app/analysis/[taskId]/page.js'] {
  errno: -2,
  code: 'ENOENT',
  syscall: 'open',
  path: '/Users/po-chi/Desktop/amazon-product-analyzer/frontend/.next/server/app/analysis/[taskId]/page.js',
  page: '/analysis/043621e9-2d10-4194-9a4e-b4c4fb92d551'
}
 тип [Error: ENOENT: no such file or directory, open '/Users/po-chi/Desktop/amazon-product-analyzer/frontend/.next/server/pages/_document.js'] {
  errno: -2,
  code: 'ENOENT',
  syscall: 'open',
  path: '/Users/po-chi/Desktop/amazon-product-analyzer/frontend/.next/server/pages/_document.js'
}
 GET /analysis/043621e9-2d10-4194-9a4e-b4c4fb92d551 500 in 35ms
 тип [Error: ENOENT: no such file or directory, open '/Users/po-chi/Desktop/amazon-product-analyzer/frontend/.next/server/app/analysis/[taskId]/page.js'] {
  errno: -2,
  code: 'ENOENT',
  syscall: 'open',
  path: '/Users/po-chi/Desktop/amazon-product-analyzer/frontend/.next/server/app/analysis/[taskId]/page.js',
  page: '/analysis/043621e9-2d10-4194-9a4e-b4c4fb92d551'
}
 тип [Error: ENOENT: no such file or directory, open '/Users/po-chi/Desktop/amazon-product-analyzer/frontend/.next/server/pages/_document.js'] {
  errno: -2,
  code: 'ENOENT',
  syscall: 'open',
  path: '/Users/po-chi/Desktop/amazon-product-analyzer/frontend/.next/server/pages/_document.js'
}
 GET /analysis/043621e9-2d10-4194-9a4e-b4c4fb92d551 500 in 27ms
 тип [Error: ENOENT: no such file or directory, open '/Users/po-chi/Desktop/amazon-product-analyzer/frontend/.next/server/app/analysis/[taskId]/page.js'] {
  errno: -2,
  code: 'ENOENT',
  syscall: 'open',
  path: '/Users/po-chi/Desktop/amazon-product-analyzer/frontend/.next/server/app/analysis/[taskId]/page.js',
  page: '/analysis/043621e9-2d10-4194-9a4e-b4c4fb92d551'
}
 тип [Error: ENOENT: no such file or directory, open '/Users/po-chi/Desktop/amazon-product-analyzer/frontend/.next/server/pages/_document.js'] {
  errno: -2,
  code: 'ENOENT',
  syscall: 'open',
  path: '/Users/po-chi/Desktop/amazon-product-analyzer/frontend/.next/server/pages/_document.js'
}
 GET /analysis/043621e9-2d10-4194-9a4e-b4c4fb92d551 500 in 43ms
 тип [Error: ENOENT: no such file or directory, open '/Users/po-chi/Desktop/amazon-product-analyzer/frontend/.next/server/app/analysis/[taskId]/page.js'] {
  errno: -2,
  code: 'ENOENT',
  syscall: 'open',
  path: '/Users/po-chi/Desktop/amazon-product-analyzer/frontend/.next/server/app/analysis/[taskId]/page.js',
  page: '/analysis/043621e9-2d10-4194-9a4e-b4c4fb92d551'
}
 тип [Error: ENOENT: no such file or directory, open '/Users/po-chi/Desktop/amazon-product-analyzer/frontend/.next/server/pages/_document.js'] {
  errno: -2,
  code: 'ENOENT',
  syscall: 'open',
  path: '/Users/po-chi/Desktop/amazon-product-analyzer/frontend/.next/server/pages/_document.js'
}
 GET /analysis/043621e9-2d10-4194-9a4e-b4c4fb92d551 500 in 50ms
 тип [Error: ENOENT: no such file or directory, open '/Users/po-chi/Desktop/amazon-product-analyzer/frontend/.next/server/app/analysis/[taskId]/page.js'] {
  errno: -2,
  code: 'ENOENT',
  syscall: 'open',
  path: '/Users/po-chi/Desktop/amazon-product-analyzer/frontend/.next/server/app/analysis/[taskId]/page.js',
  page: '/analysis/043621e9-2d10-4194-9a4e-b4c4fb92d551'
}
 тип [Error: ENOENT: no such file or directory, open '/Users/po-chi/Desktop/amazon-product-analyzer/frontend/.next/server/pages/_document.js'] {
  errno: -2,
  code: 'ENOENT',
  syscall: 'open',
  path: '/Users/po-chi/Desktop/amazon-product-analyzer/frontend/.next/server/pages/_document.js'
}
 GET /analysis/043621e9-2d10-4194-9a4e-b4c4fb92d551 500 in 52ms
 тип [Error: ENOENT: no such file or directory, open '/Users/po-chi/Desktop/amazon-product-analyzer/frontend/.next/server/app/analysis/[taskId]/page.js'] {
  errno: -2,
  code: 'ENOENT',
  syscall: 'open',
  path: '/Users/po-chi/Desktop/amazon-product-analyzer/frontend/.next/server/app/analysis/[taskId]/page.js',
  page: '/analysis/043621e9-2d10-4194-9a4e-b4c4fb92d551'
}
 тип [Error: ENOENT: no such file or directory, open '/Users/po-chi/Desktop/amazon-product-analyzer/frontend/.next/server/pages/_document.js'] {
  errno: -2,
  code: 'ENOENT',
  syscall: 'open',
  path: '/Users/po-chi/Desktop/amazon-product-analyzer/frontend/.next/server/pages/_document.js'
}
 GET /analysis/043621e9-2d10-4194-9a4e-b4c4fb92d551 500 in 35ms
 тип [Error: ENOENT: no such file or directory, open '/Users/po-chi/Desktop/amazon-product-analyzer/frontend/.next/server/app/analysis/[taskId]/page.js'] {
  errno: -2,
  code: 'ENOENT',
  syscall: 'open',
  path: '/Users/po-chi/Desktop/amazon-product-analyzer/frontend/.next/server/app/analysis/[taskId]/page.js',
  page: '/analysis/043621e9-2d10-4194-9a4e-b4c4fb92d551'
}
 тип [Error: ENOENT: no such file or directory, open '/Users/po-chi/Desktop/amazon-product-analyzer/frontend/.next/server/pages/_document.js'] {
  errno: -2,
  code: 'ENOENT',
  syscall: 'open',
  path: '/Users/po-chi/Desktop/amazon-product-analyzer/frontend/.next/server/pages/_document.js'
}
 GET /analysis/043621e9-2d10-4194-9a4e-b4c4fb92d551 500 in 30ms
 тип [Error: ENOENT: no such file or directory, open '/Users/po-chi/Desktop/amazon-product-analyzer/frontend/.next/server/app/analysis/[taskId]/page.js'] {
  errno: -2,
  code: 'ENOENT',
  syscall: 'open',
  path: '/Users/po-chi/Desktop/amazon-product-analyzer/frontend/.next/server/app/analysis/[taskId]/page.js',
  page: '/analysis/043621e9-2d10-4194-9a4e-b4c4fb92d551'
}
 тип [Error: ENOENT: no such file or directory, open '/Users/po-chi/Desktop/amazon-product-analyzer/frontend/.next/server/pages/_document.js'] {
  errno: -2,
  code: 'ENOENT',
  syscall: 'open',
  path: '/Users/po-chi/Desktop/amazon-product-analyzer/frontend/.next/server/pages/_document.js'
}
 GET /analysis/043621e9-2d10-4194-9a4e-b4c4fb92d551 500 in 29ms
 тип [Error: ENOENT: no such file or directory, open '/Users/po-chi/Desktop/amazon-product-analyzer/frontend/.next/server/app/analysis/[taskId]/page.js'] {
  errno: -2,
  code: 'ENOENT',
  syscall: 'open',
  path: '/Users/po-chi/Desktop/amazon-product-analyzer/frontend/.next/server/app/analysis/[taskId]/page.js',
  page: '/analysis/043621e9-2d10-4194-9a4e-b4c4fb92d551'
}
 тип [Error: ENOENT: no such file or directory, open '/Users/po-chi/Desktop/amazon-product-analyzer/frontend/.next/server/pages/_document.js'] {
  errno: -2,
  code: 'ENOENT',
  syscall: 'open',
  path: '/Users/po-chi/Desktop/amazon-product-analyzer/frontend/.next/server/pages/_document.js'
}
 GET /analysis/043621e9-2d10-4194-9a4e-b4c4fb92d551 500 in 30ms
 тип [Error: ENOENT: no such file or directory, open '/Users/po-chi/Desktop/amazon-product-analyzer/frontend/.next/server/app/analysis/[taskId]/page.js'] {
  errno: -2,
  code: 'ENOENT',
  syscall: 'open',
  path: '/Users/po-chi/Desktop/amazon-product-analyzer/frontend/.next/server/app/analysis/[taskId]/page.js',
  page: '/analysis/043621e9-2d10-4194-9a4e-b4c4fb92d551'
}
 тип [Error: ENOENT: no such file or directory, open '/Users/po-chi/Desktop/amazon-product-analyzer/frontend/.next/server/pages/_document.js'] {
  errno: -2,
  code: 'ENOENT',
  syscall: 'open',
  path: '/Users/po-chi/Desktop/amazon-product-analyzer/frontend/.next/server/pages/_document.js'
}
 GET /analysis/043621e9-2d10-4194-9a4e-b4c4fb92d551 500 in 29ms
 тип [Error: ENOENT: no such file or directory, open '/Users/po-chi/Desktop/amazon-product-analyzer/frontend/.next/server/app/analysis/[taskId]/page.js'] {
  errno: -2,
  code: 'ENOENT',
  syscall: 'open',
  path: '/Users/po-chi/Desktop/amazon-product-analyzer/frontend/.next/server/app/analysis/[taskId]/page.js',
  page: '/analysis/043621e9-2d10-4194-9a4e-b4c4fb92d551'
}
 тип [Error: ENOENT: no such file or directory, open '/Users/po-chi/Desktop/amazon-product-analyzer/frontend/.next/server/pages/_document.js'] {
  errno: -2,
  code: 'ENOENT',
  syscall: 'open',
  path: '/Users/po-chi/Desktop/amazon-product-analyzer/frontend/.next/server/pages/_document.js'
}
 GET /analysis/043621e9-2d10-4194-9a4e-b4c4fb92d551 500 in 27ms
 тип [Error: ENOENT: no such file or directory, open '/Users/po-chi/Desktop/amazon-product-analyzer/frontend/.next/server/app/analysis/[taskId]/page.js'] {
  errno: -2,
  code: 'ENOENT',
  syscall: 'open',
  path: '/Users/po-chi/Desktop/amazon-product-analyzer/frontend/.next/server/app/analysis/[taskId]/page.js',
  page: '/analysis/043621e9-2d10-4194-9a4e-b4c4fb92d551'
}
 тип [Error: ENOENT: no such file or directory, open '/Users/po-chi/Desktop/amazon-product-analyzer/frontend/.next/server/pages/_document.js'] {
  errno: -2,
  code: 'ENOENT',
  syscall: 'open',
  path: '/Users/po-chi/Desktop/amazon-product-analyzer/frontend/.next/server/pages/_document.js'
}
 GET /analysis/043621e9-2d10-4194-9a4e-b4c4fb92d551 500 in 35ms
 тип [Error: ENOENT: no such file or directory, open '/Users/po-chi/Desktop/amazon-product-analyzer/frontend/.next/server/app/analysis/[taskId]/page.js'] {
  errno: -2,
  code: 'ENOENT',
  syscall: 'open',
  path: '/Users/po-chi/Desktop/amazon-product-analyzer/frontend/.next/server/app/analysis/[taskId]/page.js',
  page: '/analysis/043621e9-2d10-4194-9a4e-b4c4fb92d551'
}
 тип [Error: ENOENT: no such file or directory, open '/Users/po-chi/Desktop/amazon-product-analyzer/frontend/.next/server/pages/_document.js'] {
  errno: -2,
  code: 'ENOENT',
  syscall: 'open',
  path: '/Users/po-chi/Desktop/amazon-product-analyzer/frontend/.next/server/pages/_document.js'
}
 GET /analysis/043621e9-2d10-4194-9a4e-b4c4fb92d551 500 in 45ms
 тип [Error: ENOENT: no such file or directory, open '/Users/po-chi/Desktop/amazon-product-analyzer/frontend/.next/server/app/analysis/[taskId]/page.js'] {
  errno: -2,
  code: 'ENOENT',
  syscall: 'open',
  path: '/Users/po-chi/Desktop/amazon-product-analyzer/frontend/.next/server/app/analysis/[taskId]/page.js',
  page: '/analysis/043621e9-2d10-4194-9a4e-b4c4fb92d551'
}
 тип [Error: ENOENT: no such file or directory, open '/Users/po-chi/Desktop/amazon-product-analyzer/frontend/.next/server/pages/_document.js'] {
  errno: -2,
  code: 'ENOENT',
  syscall: 'open',
  path: '/Users/po-chi/Desktop/amazon-product-analyzer/frontend/.next/server/pages/_document.js'
}
 GET /analysis/043621e9-2d10-4194-9a4e-b4c4fb92d551 500 in 47ms
 тип [Error: ENOENT: no such file or directory, open '/Users/po-chi/Desktop/amazon-product-analyzer/frontend/.next/server/app/analysis/[taskId]/page.js'] {
  errno: -2,
  code: 'ENOENT',
  syscall: 'open',
  path: '/Users/po-chi/Desktop/amazon-product-analyzer/frontend/.next/server/app/analysis/[taskId]/page.js',
  page: '/analysis/043621e9-2d10-4194-9a4e-b4c4fb92d551'
}
 тип [Error: ENOENT: no such file or directory, open '/Users/po-chi/Desktop/amazon-product-analyzer/frontend/.next/server/pages/_document.js'] {
  errno: -2,
  code: 'ENOENT',
  syscall: 'open',
  path: '/Users/po-chi/Desktop/amazon-product-analyzer/frontend/.next/server/pages/_document.js'
}
 GET /analysis/043621e9-2d10-4194-9a4e-b4c4fb92d551 500 in 31ms
 тип [Error: ENOENT: no such file or directory, open '/Users/po-chi/Desktop/amazon-product-analyzer/frontend/.next/server/app/analysis/[taskId]/page.js'] {
  errno: -2,
  code: 'ENOENT',
  syscall: 'open',
  path: '/Users/po-chi/Desktop/amazon-product-analyzer/frontend/.next/server/app/analysis/[taskId]/page.js',
  page: '/analysis/043621e9-2d10-4194-9a4e-b4c4fb92d551'
}
 тип [Error: ENOENT: no such file or directory, open '/Users/po-chi/Desktop/amazon-product-analyzer/frontend/.next/server/pages/_document.js'] {
  errno: -2,
  code: 'ENOENT',
  syscall: 'open',
  path: '/Users/po-chi/Desktop/amazon-product-analyzer/frontend/.next/server/pages/_document.js'
}
 GET /analysis/043621e9-2d10-4194-9a4e-b4c4fb92d551 500 in 28ms
 тип [Error: ENOENT: no such file or directory, open '/Users/po-chi/Desktop/amazon-product-analyzer/frontend/.next/server/app/analysis/[taskId]/page.js'] {
  errno: -2,
  code: 'ENOENT',
  syscall: 'open',
  path: '/Users/po-chi/Desktop/amazon-product-analyzer/frontend/.next/server/app/analysis/[taskId]/page.js',
  page: '/analysis/043621e9-2d10-4194-9a4e-b4c4fb92d551'
}
 тип [Error: ENOENT: no such file or directory, open '/Users/po-chi/Desktop/amazon-product-analyzer/frontend/.next/server/pages/_document.js'] {
  errno: -2,
  code: 'ENOENT',
  syscall: 'open',
  path: '/Users/po-chi/Desktop/amazon-product-analyzer/frontend/.next/server/pages/_document.js'
}
 GET /analysis/043621e9-2d10-4194-9a4e-b4c4fb92d551 500 in 30ms
 тип [Error: ENOENT: no such file or directory, open '/Users/po-chi/Desktop/amazon-product-analyzer/frontend/.next/server/app/analysis/[taskId]/page.js'] {
  errno: -2,
  code: 'ENOENT',
  syscall: 'open',
  path: '/Users/po-chi/Desktop/amazon-product-analyzer/frontend/.next/server/app/analysis/[taskId]/page.js',
  page: '/analysis/043621e9-2d10-4194-9a4e-b4c4fb92d551'
}
 тип [Error: ENOENT: no such file or directory, open '/Users/po-chi/Desktop/amazon-product-analyzer/frontend/.next/server/pages/_document.js'] {
  errno: -2,
  code: 'ENOENT',
  syscall: 'open',
  path: '/Users/po-chi/Desktop/amazon-product-analyzer/frontend/.next/server/pages/_document.js'
}
 GET /analysis/043621e9-2d10-4194-9a4e-b4c4fb92d551 500 in 29ms
 тип [Error: ENOENT: no such file or directory, open '/Users/po-chi/Desktop/amazon-product-analyzer/frontend/.next/server/app/analysis/[taskId]/page.js'] {
  errno: -2,
  code: 'ENOENT',
  syscall: 'open',
  path: '/Users/po-chi/Desktop/amazon-product-analyzer/frontend/.next/server/app/analysis/[taskId]/page.js',
  page: '/analysis/043621e9-2d10-4194-9a4e-b4c4fb92d551'
}
 тип [Error: ENOENT: no such file or directory, open '/Users/po-chi/Desktop/amazon-product-analyzer/frontend/.next/server/pages/_document.js'] {
  errno: -2,
  code: 'ENOENT',
  syscall: 'open',
  path: '/Users/po-chi/Desktop/amazon-product-analyzer/frontend/.next/server/pages/_document.js'
}
 GET /analysis/043621e9-2d10-4194-9a4e-b4c4fb92d551 500 in 65ms
 тип [Error: ENOENT: no such file or directory, open '/Users/po-chi/Desktop/amazon-product-analyzer/frontend/.next/server/app/analysis/[taskId]/page.js'] {
  errno: -2,
  code: 'ENOENT',
  syscall: 'open',
  path: '/Users/po-chi/Desktop/amazon-product-analyzer/frontend/.next/server/app/analysis/[taskId]/page.js',
  page: '/analysis/043621e9-2d10-4194-9a4e-b4c4fb92d551'
}
 тип [Error: ENOENT: no such file or directory, open '/Users/po-chi/Desktop/amazon-product-analyzer/frontend/.next/server/pages/_document.js'] {
  errno: -2,
  code: 'ENOENT',
  syscall: 'open',
  path: '/Users/po-chi/Desktop/amazon-product-analyzer/frontend/.next/server/pages/_document.js'
}
 GET /analysis/043621e9-2d10-4194-9a4e-b4c4fb92d551 500 in 32ms
 тип [Error: ENOENT: no such file or directory, open '/Users/po-chi/Desktop/amazon-product-analyzer/frontend/.next/server/app/analysis/[taskId]/page.js'] {
  errno: -2,
  code: 'ENOENT',
  syscall: 'open',
  path: '/Users/po-chi/Desktop/amazon-product-analyzer/frontend/.next/server/app/analysis/[taskId]/page.js',
  page: '/analysis/043621e9-2d10-4194-9a4e-b4c4fb92d551'
}
 тип [Error: ENOENT: no such file or directory, open '/Users/po-chi/Desktop/amazon-product-analyzer/frontend/.next/server/pages/_document.js'] {
  errno: -2,
  code: 'ENOENT',
  syscall: 'open',
  path: '/Users/po-chi/Desktop/amazon-product-analyzer/frontend/.next/server/pages/_document.js'
}
 GET /analysis/043621e9-2d10-4194-9a4e-b4c4fb92d551 500 in 29ms
 тип [Error: ENOENT: no such file or directory, open '/Users/po-chi/Desktop/amazon-product-analyzer/frontend/.next/server/app/analysis/[taskId]/page.js'] {
  errno: -2,
  code: 'ENOENT',
  syscall: 'open',
  path: '/Users/po-chi/Desktop/amazon-product-analyzer/frontend/.next/server/app/analysis/[taskId]/page.js',
  page: '/analysis/043621e9-2d10-4194-9a4e-b4c4fb92d551'
}
 тип [Error: ENOENT: no such file or directory, open '/Users/po-chi/Desktop/amazon-product-analyzer/frontend/.next/server/pages/_document.js'] {
  errno: -2,
  code: 'ENOENT',
  syscall: 'open',
  path: '/Users/po-chi/Desktop/amazon-product-analyzer/frontend/.next/server/pages/_document.js'
}
 GET /analysis/043621e9-2d10-4194-9a4e-b4c4fb92d551 500 in 31ms
 тип [Error: ENOENT: no such file or directory, open '/Users/po-chi/Desktop/amazon-product-analyzer/frontend/.next/server/app/analysis/[taskId]/page.js'] {
  errno: -2,
  code: 'ENOENT',
  syscall: 'open',
  path: '/Users/po-chi/Desktop/amazon-product-analyzer/frontend/.next/server/app/analysis/[taskId]/page.js',
  page: '/analysis/043621e9-2d10-4194-9a4e-b4c4fb92d551'
}
 тип [Error: ENOENT: no such file or directory, open '/Users/po-chi/Desktop/amazon-product-analyzer/frontend/.next/server/pages/_document.js'] {
  errno: -2,
  code: 'ENOENT',
  syscall: 'open',
  path: '/Users/po-chi/Desktop/amazon-product-analyzer/frontend/.next/server/pages/_document.js'
}
 GET /analysis/043621e9-2d10-4194-9a4e-b4c4fb92d551 500 in 40ms
 тип [Error: ENOENT: no such file or directory, open '/Users/po-chi/Desktop/amazon-product-analyzer/frontend/.next/server/app/analysis/[taskId]/page.js'] {
  errno: -2,
  code: 'ENOENT',
  syscall: 'open',
  path: '/Users/po-chi/Desktop/amazon-product-analyzer/frontend/.next/server/app/analysis/[taskId]/page.js',
  page: '/analysis/043621e9-2d10-4194-9a4e-b4c4fb92d551'
}
 тип [Error: ENOENT: no such file or directory, open '/Users/po-chi/Desktop/amazon-product-analyzer/frontend/.next/server/pages/_document.js'] {
  errno: -2,
  code: 'ENOENT',
  syscall: 'open',
  path: '/Users/po-chi/Desktop/amazon-product-analyzer/frontend/.next/server/pages/_document.js'
}
 GET /analysis/043621e9-2d10-4194-9a4e-b4c4fb92d551 500 in 48ms
 тип [Error: ENOENT: no such file or directory, open '/Users/po-chi/Desktop/amazon-product-analyzer/frontend/.next/server/app/analysis/[taskId]/page.js'] {
  errno: -2,
  code: 'ENOENT',
  syscall: 'open',
  path: '/Users/po-chi/Desktop/amazon-product-analyzer/frontend/.next/server/app/analysis/[taskId]/page.js',
  page: '/analysis/043621e9-2d10-4194-9a4e-b4c4fb92d551'
}
 тип [Error: ENOENT: no such file or directory, open '/Users/po-chi/Desktop/amazon-product-analyzer/frontend/.next/server/pages/_document.js'] {
  errno: -2,
  code: 'ENOENT',
  syscall: 'open',
  path: '/Users/po-chi/Desktop/amazon-product-analyzer/frontend/.next/server/pages/_document.js'
}
 GET /analysis/043621e9-2d10-4194-9a4e-b4c4fb92d551 500 in 31ms
[Error: ENOENT: no such file or directory, stat '/Users/po-chi/Desktop/amazon-product-analyzer/frontend/.next/cache/webpack/server-development/1.pack.gz'] {
  errno: -2,
  code: 'ENOENT',
  syscall: 'stat',
  path: '/Users/po-chi/Desktop/amazon-product-analyzer/frontend/.next/cache/webpack/server-development/1.pack.gz'
}
 тип unhandledRejection: [Error: ENOENT: no such file or directory, stat '/Users/po-chi/Desktop/amazon-product-analyzer/frontend/.next/cache/webpack/server-development/1.pack.gz'] {
  errno: -2,
  code: 'ENOENT',
  syscall: 'stat',
  path: '/Users/po-chi/Desktop/amazon-product-analyzer/frontend/.next/cache/webpack/server-development/1.pack.gz'
}
 тип unhandledRejection:  [Error: ENOENT: no such file or directory, stat '/Users/po-chi/Desktop/amazon-product-analyzer/frontend/.next/cache/webpack/server-development/1.pack.gz'] {
  errno: -2,
  code: 'ENOENT',
  syscall: 'stat',
  path: '/Users/po-chi/Desktop/amazon-product-analyzer/frontend/.next/cache/webpack/server-development/1.pack.gz'
}
<w> [webpack.cache.PackFileCacheStrategy] Caching failed for pack: Error: ENOENT: no such file or directory, stat '/Users/po-chi/Desktop/amazon-product-analyzer/frontend/.next/cache/webpack/server-development/1.pack.gz'
 тип [Error: ENOENT: no such file or directory, open '/Users/po-chi/Desktop/amazon-product-analyzer/frontend/.next/server/app/analysis/[taskId]/page.js'] {
  errno: -2,
  code: 'ENOENT',
  syscall: 'open',
  path: '/Users/po-chi/Desktop/amazon-product-analyzer/frontend/.next/server/app/analysis/[taskId]/page.js',
  page: '/analysis/043621e9-2d10-4194-9a4e-b4c4fb92d551'
}
 тип [Error: ENOENT: no such file or directory, open '/Users/po-chi/Desktop/amazon-product-analyzer/frontend/.next/server/pages/_document.js'] {
  errno: -2,
  code: 'ENOENT',
  syscall: 'open',
  path: '/Users/po-chi/Desktop/amazon-product-analyzer/frontend/.next/server/pages/_document.js'
}
 GET /analysis/043621e9-2d10-4194-9a4e-b4c4fb92d551 500 in 33ms
 тип [Error: ENOENT: no such file or directory, open '/Users/po-chi/Desktop/amazon-product-analyzer/frontend/.next/server/app/analysis/[taskId]/page.js'] {
  errno: -2,
  code: 'ENOENT',
  syscall: 'open',
  path: '/Users/po-chi/Desktop/amazon-product-analyzer/frontend/.next/server/app/analysis/[taskId]/page.js',
  page: '/analysis/043621e9-2d10-4194-9a4e-b4c4fb92d551'
}
 тип [Error: ENOENT: no such file or directory, open '/Users/po-chi/Desktop/amazon-product-analyzer/frontend/.next/server/pages/_document.js'] {
  errno: -2,
  code: 'ENOENT',
  syscall: 'open',
  path: '/Users/po-chi/Desktop/amazon-product-analyzer/frontend/.next/server/pages/_document.js'
}
 GET /analysis/043621e9-2d10-4194-9a4e-b4c4fb92d551 500 in 29ms
 тип [Error: ENOENT: no such file or directory, open '/Users/po-chi/Desktop/amazon-product-analyzer/frontend/.next/server/app/analysis/[taskId]/page.js'] {
  errno: -2,
  code: 'ENOENT',
  syscall: 'open',
  path: '/Users/po-chi/Desktop/amazon-product-analyzer/frontend/.next/server/app/analysis/[taskId]/page.js',
  page: '/analysis/043621e9-2d10-4194-9a4e-b4c4fb92d551'
}
 тип [Error: ENOENT: no such file or directory, open '/Users/po-chi/Desktop/amazon-product-analyzer/frontend/.next/server/pages/_document.js'] {
  errno: -2,
  code: 'ENOENT',
  syscall: 'open',
  path: '/Users/po-chi/Desktop/amazon-product-analyzer/frontend/.next/server/pages/_document.js'
}
 GET /analysis/043621e9-2d10-4194-9a4e-b4c4fb92d551 500 in 29ms
 тип [Error: ENOENT: no such file or directory, open '/Users/po-chi/Desktop/amazon-product-analyzer/frontend/.next/server/app/analysis/[taskId]/page.js'] {
  errno: -2,
  code: 'ENOENT',
  syscall: 'open',
  path: '/Users/po-chi/Desktop/amazon-product-analyzer/frontend/.next/server/app/analysis/[taskId]/page.js',
  page: '/analysis/043621e9-2d10-4194-9a4e-b4c4fb92d551'
}
 тип [Error: ENOENT: no such file or directory, open '/Users/po-chi/Desktop/amazon-product-analyzer/frontend/.next/server/pages/_document.js'] {
  errno: -2,
  code: 'ENOENT',
  syscall: 'open',
  path: '/Users/po-chi/Desktop/amazon-product-analyzer/frontend/.next/server/pages/_document.js'
}
 GET /analysis/043621e9-2d10-4194-9a4e-b4c4fb92d551 500 in 29ms
 тип [Error: ENOENT: no such file or directory, open '/Users/po-chi/Desktop/amazon-product-analyzer/frontend/.next/server/app/analysis/[taskId]/page.js'] {
  errno: -2,
  code: 'ENOENT',
  syscall: 'open',
  path: '/Users/po-chi/Desktop/amazon-product-analyzer/frontend/.next/server/app/analysis/[taskId]/page.js',
  page: '/analysis/043621e9-2d10-4194-9a4e-b4c4fb92d551'
}
 тип [Error: ENOENT: no such file or directory, open '/Users/po-chi/Desktop/amazon-product-analyzer/frontend/.next/server/pages/_document.js'] {
  errno: -2,
  code: 'ENOENT',
  syscall: 'open',
  path: '/Users/po-chi/Desktop/amazon-product-analyzer/frontend/.next/server/pages/_document.js'
}
 GET /analysis/043621e9-2d10-4194-9a4e-b4c4fb92d551 500 in 28ms
 тип [Error: ENOENT: no such file or directory, open '/Users/po-chi/Desktop/amazon-product-analyzer/frontend/.next/server/app/analysis/[taskId]/page.js'] {
  errno: -2,
  code: 'ENOENT',
  syscall: 'open',
  path: '/Users/po-chi/Desktop/amazon-product-analyzer/frontend/.next/server/app/analysis/[taskId]/page.js',
  page: '/analysis/043621e9-2d10-4194-9a4e-b4c4fb92d551'
}
 тип [Error: ENOENT: no such file or directory, open '/Users/po-chi/Desktop/amazon-product-analyzer/frontend/.next/server/pages/_document.js'] {
  errno: -2,
  code: 'ENOENT',
  syscall: 'open',
  path: '/Users/po-chi/Desktop/amazon-product-analyzer/frontend/.next/server/pages/_document.js'
}
 GET /analysis/043621e9-2d10-4194-9a4e-b4c4fb92d551 500 in 29ms
 тип [Error: ENOENT: no such file or directory, open '/Users/po-chi/Desktop/amazon-product-analyzer/frontend/.next/server/app/analysis/[taskId]/page.js'] {
  errno: -2,
  code: 'ENOENT',
  syscall: 'open',
  path: '/Users/po-chi/Desktop/amazon-product-analyzer/frontend/.next/server/app/analysis/[taskId]/page.js',
  page: '/analysis/043621e9-2d10-4194-9a4e-b4c4fb92d551'
}
 тип [Error: ENOENT: no such file or directory, open '/Users/po-chi/Desktop/amazon-product-analyzer/frontend/.next/server/pages/_document.js'] {
  errno: -2,
  code: 'ENOENT',
  syscall: 'open',
  path: '/Users/po-chi/Desktop/amazon-product-analyzer/frontend/.next/server/pages/_document.js'
}
 GET /analysis/043621e9-2d10-4194-9a4e-b4c4fb92d551 500 in 29ms
 тип [Error: ENOENT: no such file or directory, open '/Users/po-chi/Desktop/amazon-product-analyzer/frontend/.next/server/app/analysis/[taskId]/page.js'] {
  errno: -2,
  code: 'ENOENT',
  syscall: 'open',
  path: '/Users/po-chi/Desktop/amazon-product-analyzer/frontend/.next/server/app/analysis/[taskId]/page.js',
  page: '/analysis/043621e9-2d10-4194-9a4e-b4c4fb92d551'
}
 тип [Error: ENOENT: no such file or directory, open '/Users/po-chi/Desktop/amazon-product-analyzer/frontend/.next/server/pages/_document.js'] {
  errno: -2,
  code: 'ENOENT',
  syscall: 'open',
  path: '/Users/po-chi/Desktop/amazon-product-analyzer/frontend/.next/server/pages/_document.js'
}
 GET /analysis/043621e9-2d10-4194-9a4e-b4c4fb92d551 500 in 31ms
 тип [Error: ENOENT: no such file or directory, open '/Users/po-chi/Desktop/amazon-product-analyzer/frontend/.next/server/app/analysis/[taskId]/page.js'] {
  errno: -2,
  code: 'ENOENT',
  syscall: 'open',
  path: '/Users/po-chi/Desktop/amazon-product-analyzer/frontend/.next/server/app/analysis/[taskId]/page.js',
  page: '/analysis/043621e9-2d10-4194-9a4e-b4c4fb92d551'
}
 тип [Error: ENOENT: no such file or directory, open '/Users/po-chi/Desktop/amazon-product-analyzer/frontend/.next/server/pages/_document.js'] {
  errno: -2,
  code: 'ENOENT',
  syscall: 'open',
  path: '/Users/po-chi/Desktop/amazon-product-analyzer/frontend/.next/server/pages/_document.js'
}
 GET /analysis/043621e9-2d10-4194-9a4e-b4c4fb92d551 500 in 38ms
 тип [Error: ENOENT: no such file or directory, open '/Users/po-chi/Desktop/amazon-product-analyzer/frontend/.next/server/app/analysis/[taskId]/page.js'] {
  errno: -2,
  code: 'ENOENT',
  syscall: 'open',
  path: '/Users/po-chi/Desktop/amazon-product-analyzer/frontend/.next/server/app/analysis/[taskId]/page.js',
  page: '/analysis/043621e9-2d10-4194-9a4e-b4c4fb92d551'
}
 тип [Error: ENOENT: no such file or directory, open '/Users/po-chi/Desktop/amazon-product-analyzer/frontend/.next/server/pages/_document.js'] {
  errno: -2,
  code: 'ENOENT',
  syscall: 'open',
  path: '/Users/po-chi/Desktop/amazon-product-analyzer/frontend/.next/server/pages/_document.js'
}
 GET /analysis/043621e9-2d10-4194-9a4e-b4c4fb92d551 500 in 31ms
 тип [Error: ENOENT: no such file or directory, open '/Users/po-chi/Desktop/amazon-product-analyzer/frontend/.next/server/app/analysis/[taskId]/page.js'] {
  errno: -2,
  code: 'ENOENT',
  syscall: 'open',
  path: '/Users/po-chi/Desktop/amazon-product-analyzer/frontend/.next/server/app/analysis/[taskId]/page.js',
  page: '/analysis/043621e9-2d10-4194-9a4e-b4c4fb92d551'
}
 тип [Error: ENOENT: no such file or directory, open '/Users/po-chi/Desktop/amazon-product-analyzer/frontend/.next/server/pages/_document.js'] {
  errno: -2,
  code: 'ENOENT',
  syscall: 'open',
  path: '/Users/po-chi/Desktop/amazon-product-analyzer/frontend/.next/server/pages/_document.js'
}
 GET /analysis/043621e9-2d10-4194-9a4e-b4c4fb92d551 500 in 207ms
 тип [Error: ENOENT: no such file or directory, open '/Users/po-chi/Desktop/amazon-product-analyzer/frontend/.next/server/app/analysis/[taskId]/page.js'] {
  errno: -2,
  code: 'ENOENT',
  syscall: 'open',
  path: '/Users/po-chi/Desktop/amazon-product-analyzer/frontend/.next/server/app/analysis/[taskId]/page.js',
  page: '/analysis/043621e9-2d10-4194-9a4e-b4c4fb92d551'
}
 тип [Error: ENOENT: no such file or directory, open '/Users/po-chi/Desktop/amazon-product-analyzer/frontend/.next/server/pages/_document.js'] {
  errno: -2,
  code: 'ENOENT',
  syscall: 'open',
  path: '/Users/po-chi/Desktop/amazon-product-analyzer/frontend/.next/server/pages/_document.js'
}
 GET /analysis/043621e9-2d10-4194-9a4e-b4c4fb92d551 500 in 31ms
 тип [Error: ENOENT: no such file or directory, open '/Users/po-chi/Desktop/amazon-product-analyzer/frontend/.next/server/app/analysis/[taskId]/page.js'] {
  errno: -2,
  code: 'ENOENT',
  syscall: 'open',
  path: '/Users/po-chi/Desktop/amazon-product-analyzer/frontend/.next/server/app/analysis/[taskId]/page.js',
  page: '/analysis/043621e9-2d10-4194-9a4e-b4c4fb92d551'
}
 тип [Error: ENOENT: no such file or directory, open '/Users/po-chi/Desktop/amazon-product-analyzer/frontend/.next/server/pages/_document.js'] {
  errno: -2,
  code: 'ENOENT',
  syscall: 'open',
  path: '/Users/po-chi/Desktop/amazon-product-analyzer/frontend/.next/server/pages/_document.js'
}
 GET /analysis/043621e9-2d10-4194-9a4e-b4c4fb92d551 500 in 34ms
 тип [Error: ENOENT: no such file or directory, open '/Users/po-chi/Desktop/amazon-product-analyzer/frontend/.next/server/app/analysis/[taskId]/page.js'] {
  errno: -2,
  code: 'ENOENT',
  syscall: 'open',
  path: '/Users/po-chi/Desktop/amazon-product-analyzer/frontend/.next/server/app/analysis/[taskId]/page.js',
  page: '/analysis/043621e9-2d10-4194-9a4e-b4c4fb92d551'
}
 тип [Error: ENOENT: no such file or directory, open '/Users/po-chi/Desktop/amazon-product-analyzer/frontend/.next/server/pages/_document.js'] {
  errno: -2,
  code: 'ENOENT',
  syscall: 'open',
  path: '/Users/po-chi/Desktop/amazon-product-analyzer/frontend/.next/server/pages/_document.js'
}
 GET /analysis/043621e9-2d10-4194-9a4e-b4c4fb92d551 500 in 28ms
 тип [Error: ENOENT: no such file or directory, open '/Users/po-chi/Desktop/amazon-product-analyzer/frontend/.next/server/app/analysis/[taskId]/page.js'] {
  errno: -2,
  code: 'ENOENT',
  syscall: 'open',
  path: '/Users/po-chi/Desktop/amazon-product-analyzer/frontend/.next/server/app/analysis/[taskId]/page.js',
  page: '/analysis/043621e9-2d10-4194-9a4e-b4c4fb92d551'
}
 тип [Error: ENOENT: no such file or directory, open '/Users/po-chi/Desktop/amazon-product-analyzer/frontend/.next/server/pages/_document.js'] {
  errno: -2,
  code: 'ENOENT',
  syscall: 'open',
  path: '/Users/po-chi/Desktop/amazon-product-analyzer/frontend/.next/server/pages/_document.js'
}
 GET /analysis/043621e9-2d10-4194-9a4e-b4c4fb92d551 500 in 31ms
 тип [Error: ENOENT: no such file or directory, open '/Users/po-chi/Desktop/amazon-product-analyzer/frontend/.next/server/app/analysis/[taskId]/page.js'] {
  errno: -2,
  code: 'ENOENT',
  syscall: 'open',
  path: '/Users/po-chi/Desktop/amazon-product-analyzer/frontend/.next/server/app/analysis/[taskId]/page.js',
  page: '/analysis/043621e9-2d10-4194-9a4e-b4c4fb92d551'
}
 тип [Error: ENOENT: no such file or directory, open '/Users/po-chi/Desktop/amazon-product-analyzer/frontend/.next/server/pages/_document.js'] {
  errno: -2,
  code: 'ENOENT',
  syscall: 'open',
  path: '/Users/po-chi/Desktop/amazon-product-analyzer/frontend/.next/server/pages/_document.js'
}
 GET /analysis/043621e9-2d10-4194-9a4e-b4c4fb92d551 500 in 33ms
 тип [Error: ENOENT: no such file or directory, open '/Users/po-chi/Desktop/amazon-product-analyzer/frontend/.next/server/app/analysis/[taskId]/page.js'] {
  errno: -2,
  code: 'ENOENT',
  syscall: 'open',
  path: '/Users/po-chi/Desktop/amazon-product-analyzer/frontend/.next/server/app/analysis/[taskId]/page.js',
  page: '/analysis/043621e9-2d10-4194-9a4e-b4c4fb92d551'
}
 тип [Error: ENOENT: no such file or directory, open '/Users/po-chi/Desktop/amazon-product-analyzer/frontend/.next/server/pages/_document.js'] {
  errno: -2,
  code: 'ENOENT',
  syscall: 'open',
  path: '/Users/po-chi/Desktop/amazon-product-analyzer/frontend/.next/server/pages/_document.js'
}
 GET /analysis/043621e9-2d10-4194-9a4e-b4c4fb92d551 500 in 29ms
 тип [Error: ENOENT: no such file or directory, open '/Users/po-chi/Desktop/amazon-product-analyzer/frontend/.next/server/app/analysis/[taskId]/page.js'] {
  errno: -2,
  code: 'ENOENT',
  syscall: 'open',
  path: '/Users/po-chi/Desktop/amazon-product-analyzer/frontend/.next/server/app/analysis/[taskId]/page.js',
  page: '/analysis/043621e9-2d10-4194-9a4e-b4c4fb92d551'
}
 тип [Error: ENOENT: no such file or directory, open '/Users/po-chi/Desktop/amazon-product-analyzer/frontend/.next/server/pages/_document.js'] {
  errno: -2,
  code: 'ENOENT',
  syscall: 'open',
  path: '/Users/po-chi/Desktop/amazon-product-analyzer/frontend/.next/server/pages/_document.js'
}
 GET /analysis/043621e9-2d10-4194-9a4e-b4c4fb92d551 500 in 28ms
 тип [Error: ENOENT: no such file or directory, open '/Users/po-chi/Desktop/amazon-product-analyzer/frontend/.next/server/app/analysis/[taskId]/page.js'] {
  errno: -2,
  code: 'ENOENT',
  syscall: 'open',
  path: '/Users/po-chi/Desktop/amazon-product-analyzer/frontend/.next/server/app/analysis/[taskId]/page.js',
  page: '/analysis/043621e9-2d10-4194-9a4e-b4c4fb92d551'
}
 тип [Error: ENOENT: no such file or directory, open '/Users/po-chi/Desktop/amazon-product-analyzer/frontend/.next/server/pages/_document.js'] {
  errno: -2,
  code: 'ENOENT',
  syscall: 'open',
  path: '/Users/po-chi/Desktop/amazon-product-analyzer/frontend/.next/server/pages/_document.js'
}
 GET /analysis/043621e9-2d10-4194-9a4e-b4c4fb92d551 500 in 39ms
[?25h
